# JRE version: OpenJDK Runtime Environment (8.0_76-b03) (build 1.8.0_76-release-b03)
# Java VM: OpenJDK 64-Bit Server VM (25.76-b03 mixed mode windows-amd64 compressed oops)
Heap:
 PSYoungGen      total 152576K, used 33270K [0x00000000e0000000, 0x00000000ea400000, 0x0000000100000000)
  eden space 137216K, 24% used [0x00000000e0000000,0x00000000e207d9e8,0x00000000e8600000)
  from space 15360K, 0% used [0x00000000e9500000,0x00000000e9500000,0x00000000ea400000)
  to   space 15360K, 0% used [0x00000000e8600000,0x00000000e8600000,0x00000000e9500000)
 ParOldGen       total 56832K, used 42088K [0x00000000a0000000, 0x00000000a3780000, 0x00000000e0000000)
  object space 56832K, 74% used [0x00000000a0000000,0x00000000a291a2e0,0x00000000a3780000)
 Metaspace       used 52439K, capacity 54482K, committed 54576K, reserved 1095680K
  class space    used 7178K, capacity 7680K, committed 7728K, reserved 1048576K
GC Heap History (10 events):
Event: 80.051 GC heap before
{Heap before GC invocations=17 (full 2):
 PSYoungGen      total 80896K, used 74799K [0x00000000e0000000, 0x00000000e5a00000, 0x0000000100000000)
  eden space 71680K, 100% used [0x00000000e0000000,0x00000000e4600000,0x00000000e4600000)
  from space 9216K, 33% used [0x00000000e5100000,0x00000000e540bc00,0x00000000e5a00000)
  to   space 10240K, 0% used [0x00000000e4600000,0x00000000e4600000,0x00000000e5000000)
 ParOldGen       total 56832K, used 20708K [0x00000000a0000000, 0x00000000a3780000, 0x00000000e0000000)
  object space 56832K, 36% used [0x00000000a0000000,0x00000000a14392f0,0x00000000a3780000)
 Metaspace       used 45851K, capacity 47182K, committed 47280K, reserved 1089536K
  class space    used 6202K, capacity 6503K, committed 6576K, reserved 1048576K
Event: 80.060 GC heap after
Heap after GC invocations=17 (full 2):
 PSYoungGen      total 81920K, used 7969K [0x00000000e0000000, 0x00000000e7d00000, 0x0000000100000000)
  eden space 71680K, 0% used [0x00000000e0000000,0x00000000e0000000,0x00000000e4600000)
  from space 10240K, 77% used [0x00000000e4600000,0x00000000e4dc8760,0x00000000e5000000)
  to   space 10752K, 0% used [0x00000000e7280000,0x00000000e7280000,0x00000000e7d00000)
 ParOldGen       total 56832K, used 21776K [0x00000000a0000000, 0x00000000a3780000, 0x00000000e0000000)
  object space 56832K, 38% used [0x00000000a0000000,0x00000000a1544320,0x00000000a3780000)
 Metaspace       used 45851K, capacity 47182K, committed 47280K, reserved 1089536K
  class space    used 6202K, capacity 6503K, committed 6576K, reserved 1048576K
}
Event: 82.445 GC heap before
{Heap before GC invocations=18 (full 2):
 PSYoungGen      total 81920K, used 79649K [0x00000000e0000000, 0x00000000e7d00000, 0x0000000100000000)
  eden space 71680K, 100% used [0x00000000e0000000,0x00000000e4600000,0x00000000e4600000)
  from space 10240K, 77% used [0x00000000e4600000,0x00000000e4dc8760,0x00000000e5000000)
  to   space 10752K, 0% used [0x00000000e7280000,0x00000000e7280000,0x00000000e7d00000)
 ParOldGen       total 56832K, used 21776K [0x00000000a0000000, 0x00000000a3780000, 0x00000000e0000000)
  object space 56832K, 38% used [0x00000000a0000000,0x00000000a1544320,0x00000000a3780000)
 Metaspace       used 49306K, capacity 50734K, committed 50864K, reserved 1093632K
  class space    used 6650K, capacity 7009K, committed 7088K, reserved 1048576K
Event: 82.468 GC heap after
Heap after GC invocations=18 (full 2):
 PSYoungGen      total 116224K, used 7467K [0x00000000e0000000, 0x00000000e7d00000, 0x0000000100000000)
  eden space 105472K, 0% used [0x00000000e0000000,0x00000000e0000000,0x00000000e6700000)
  from space 10752K, 69% used [0x00000000e7280000,0x00000000e79cafd8,0x00000000e7d00000)
  to   space 11264K, 0% used [0x00000000e6700000,0x00000000e6700000,0x00000000e7200000)
 ParOldGen       total 56832K, used 27218K [0x00000000a0000000, 0x00000000a3780000, 0x00000000e0000000)
  object space 56832K, 47% used [0x00000000a0000000,0x00000000a1a94b90,0x00000000a3780000)
 Metaspace       used 49306K, capacity 50734K, committed 50864K, reserved 1093632K
  class space    used 6650K, capacity 7009K, committed 7088K, reserved 1048576K
}
Event: 84.371 GC heap before
{Heap before GC invocations=19 (full 2):
 PSYoungGen      total 116224K, used 112939K [0x00000000e0000000, 0x00000000e7d00000, 0x0000000100000000)
  eden space 105472K, 100% used [0x00000000e0000000,0x00000000e6700000,0x00000000e6700000)
  from space 10752K, 69% used [0x00000000e7280000,0x00000000e79cafd8,0x00000000e7d00000)
  to   space 11264K, 0% used [0x00000000e6700000,0x00000000e6700000,0x00000000e7200000)
 ParOldGen       total 56832K, used 27218K [0x00000000a0000000, 0x00000000a3780000, 0x00000000e0000000)
  object space 56832K, 47% used [0x00000000a0000000,0x00000000a1a94b90,0x00000000a3780000)
 Metaspace       used 51699K, capacity 53566K, committed 53680K, reserved 1095680K
  class space    used 7091K, capacity 7565K, committed 7600K, reserved 1048576K
Event: 84.385 GC heap after
Heap after GC invocations=19 (full 2):
 PSYoungGen      total 116736K, used 11264K [0x00000000e0000000, 0x00000000ea400000, 0x0000000100000000)
  eden space 105472K, 0% used [0x00000000e0000000,0x00000000e0000000,0x00000000e6700000)
  from space 11264K, 100% used [0x00000000e6700000,0x00000000e7200000,0x00000000e7200000)
  to   space 15360K, 0% used [0x00000000e9500000,0x00000000e9500000,0x00000000ea400000)
 ParOldGen       total 56832K, used 33795K [0x00000000a0000000, 0x00000000a3780000, 0x00000000e0000000)
  object space 56832K, 59% used [0x00000000a0000000,0x00000000a2100e10,0x00000000a3780000)
 Metaspace       used 51699K, capacity 53566K, committed 53680K, reserved 1095680K
  class space    used 7091K, capacity 7565K, committed 7600K, reserved 1048576K
}
Event: 84.676 GC heap before
{Heap before GC invocations=20 (full 2):
 PSYoungGen      total 116736K, used 19645K [0x00000000e0000000, 0x00000000ea400000, 0x0000000100000000)
  eden space 105472K, 7% used [0x00000000e0000000,0x00000000e082f6f0,0x00000000e6700000)
  from space 11264K, 100% used [0x00000000e6700000,0x00000000e7200000,0x00000000e7200000)
  to   space 15360K, 0% used [0x00000000e9500000,0x00000000e9500000,0x00000000ea400000)
 ParOldGen       total 56832K, used 33795K [0x00000000a0000000, 0x00000000a3780000, 0x00000000e0000000)
  object space 56832K, 59% used [0x00000000a0000000,0x00000000a2100e10,0x00000000a3780000)
 Metaspace       used 52243K, capacity 54252K, committed 54576K, reserved 1095680K
  class space    used 7160K, capacity 7659K, committed 7728K, reserved 1048576K
Event: 84.688 GC heap after
Heap after GC invocations=20 (full 2):
 PSYoungGen      total 152576K, used 1446K [0x00000000e0000000, 0x00000000ea400000, 0x0000000100000000)
  eden space 137216K, 0% used [0x00000000e0000000,0x00000000e0000000,0x00000000e8600000)
  from space 15360K, 9% used [0x00000000e9500000,0x00000000e9669b10,0x00000000ea400000)
  to   space 15360K, 0% used [0x00000000e8600000,0x00000000e8600000,0x00000000e9500000)
 ParOldGen       total 56832K, used 44058K [0x00000000a0000000, 0x00000000a3780000, 0x00000000e0000000)
  object space 56832K, 77% used [0x00000000a0000000,0x00000000a2b06ab8,0x00000000a3780000)
 Metaspace       used 52243K, capacity 54252K, committed 54576K, reserved 1095680K
  class space    used 7160K, capacity 7659K, committed 7728K, reserved 1048576K
}
Event: 84.688 GC heap before
{Heap before GC invocations=21 (full 3):
 PSYoungGen      total 152576K, used 1446K [0x00000000e0000000, 0x00000000ea400000, 0x0000000100000000)
  eden space 137216K, 0% used [0x00000000e0000000,0x00000000e0000000,0x00000000e8600000)
  from space 15360K, 9% used [0x00000000e9500000,0x00000000e9669b10,0x00000000ea400000)
  to   space 15360K, 0% used [0x00000000e8600000,0x00000000e8600000,0x00000000e9500000)
 ParOldGen       total 56832K, used 44058K [0x00000000a0000000, 0x00000000a3780000, 0x00000000e0000000)
  object space 56832K, 77% used [0x00000000a0000000,0x00000000a2b06ab8,0x00000000a3780000)
 Metaspace       used 52243K, capacity 54252K, committed 54576K, reserved 1095680K
  class space    used 7160K, capacity 7659K, committed 7728K, reserved 1048576K
Event: 85.032 GC heap after
Heap after GC invocations=21 (full 3):
 PSYoungGen      total 152576K, used 0K [0x00000000e0000000, 0x00000000ea400000, 0x0000000100000000)
  eden space 137216K, 0% used [0x00000000e0000000,0x00000000e0000000,0x00000000e8600000)
  from space 15360K, 0% used [0x00000000e9500000,0x00000000e9500000,0x00000000ea400000)
  to   space 15360K, 0% used [0x00000000e8600000,0x00000000e8600000,0x00000000e9500000)
 ParOldGen       total 56832K, used 42088K [0x00000000a0000000, 0x00000000a3780000, 0x00000000e0000000)
  object space 56832K, 74% used [0x00000000a0000000,0x00000000a291a2e0,0x00000000a3780000)
 Metaspace       used 52243K, capacity 54252K, committed 54576K, reserved 1095680K
  class space    used 7160K, capacity 7659K, committed 7728K, reserved 1048576K
}

